TN:
SF:packages/gates/src/risk-tags.ts
FN:41,isGateRiskTag
FNF:1
FNH:1
FNDA:14,isGateRiskTag
DA:28,17
DA:39,17
DA:42,14
LF:3
LH:3
BRF:0
BRH:0
end_of_record
TN:
SF:packages/gates/src/coverage/lcov-adapter.ts
FN:13,parseLcovReport
FNF:1
FNH:1
FNDA:3,parseLcovReport
DA:14,3
DA:15,3
DA:16,3
DA:17,3
DA:19,3
DA:20,22
DA:21,22
DA:22,7
DA:23,7
DA:24,7
DA:25,4
DA:27,7
DA:29,15
DA:30,5
DA:31,5
DA:32,5
DA:33,5
DA:34,2
DA:39,3
DA:40,3
DA:41,3
DA:42,3
DA:43,3
LF:23
LH:23
BRDA:21,0,0,7
BRDA:21,0,1,15
BRDA:24,1,0,4
BRDA:24,1,1,3
BRDA:24,2,0,7
BRDA:24,2,1,7
BRDA:29,3,0,5
BRDA:29,3,1,10
BRDA:33,4,0,2
BRDA:33,4,1,3
BRDA:33,5,0,5
BRDA:33,5,1,5
BRDA:33,5,2,3
BRDA:39,6,0,1
BRDA:39,6,1,2
BRDA:40,7,0,1
BRDA:40,7,1,2
BRF:17
BRH:17
end_of_record
